<?xml version="1.0" encoding="UTF-8"?>
<!-- Generated by org.testng.reporters.JUnitReportReporter -->
<testsuite skipped="0" hostname="EPRUPETW1782" name="tests.testng.SubLongTest" tests="5" failures="0" timestamp="26 Jun 2018 11:35:28 GMT" time="0.000" errors="0">
  <testcase name="subLongTest" time="0.000" classname="tests.testng.SubLongTest"/>
  <testcase name="subLongTest" time="0.000" classname="tests.testng.SubLongTest"/>
  <testcase name="subLongTest" time="0.000" classname="tests.testng.SubLongTest"/>
  <testcase name="subLongTest" time="0.000" classname="tests.testng.SubLongTest"/>
  <testcase name="subLongTest" time="0.000" classname="tests.testng.SubLongTest"/>
</testsuite> <!-- tests.testng.SubLongTest -->
