<?xml version="1.0" encoding="UTF-8"?>
<!-- Generated by org.testng.reporters.JUnitReportReporter -->
<testsuite skipped="0" hostname="DESKTOP-1E44LHG" name="tests.SubTest" tests="2" failures="0" timestamp="24 Jun 2018 16:26:22 GMT" time="0.016" errors="0">
  <testcase name="test" time="0.015" classname="tests.SubTest"/>
  <testcase name="test2" time="0.001" classname="tests.SubTest"/>
</testsuite> <!-- tests.SubTest -->
