<?xml version="1.0" encoding="UTF-8"?>
<!-- Generated by org.testng.reporters.JUnitReportReporter -->
<testsuite skipped="0" hostname="EPRUPETW1782" name="tests.testng.MultDoubleTest" tests="4" failures="0" timestamp="26 Jun 2018 11:35:28 GMT" time="0.003" errors="0">
  <testcase name="multDoubleTest" time="0.001" classname="tests.testng.MultDoubleTest"/>
  <testcase name="multDoubleTest" time="0.000" classname="tests.testng.MultDoubleTest"/>
  <testcase name="multDoubleTest" time="0.001" classname="tests.testng.MultDoubleTest"/>
  <testcase name="multDoubleTest" time="0.001" classname="tests.testng.MultDoubleTest"/>
</testsuite> <!-- tests.testng.MultDoubleTest -->
