<?xml version="1.0" encoding="UTF-8"?>
<!-- Generated by org.testng.reporters.JUnitReportReporter -->
<testsuite skipped="0" hostname="DESKTOP-1E44LHG" name="tests.testng.SumDoubleTest" tests="3" failures="0" timestamp="24 Jun 2018 16:00:26 GMT" time="0.013" errors="0">
  <testcase name="sumDoubleTest" time="0.001" classname="tests.testng.SumDoubleTest"/>
  <testcase name="sumDoubleTest" time="0.012" classname="tests.testng.SumDoubleTest"/>
  <testcase name="sumDoubleTest" time="0.000" classname="tests.testng.SumDoubleTest"/>
</testsuite> <!-- tests.testng.SumDoubleTest -->
