<?xml version="1.0" encoding="UTF-8"?>
<!-- Generated by org.testng.reporters.JUnitReportReporter -->
<testsuite skipped="0" hostname="DESKTOP-1E44LHG" name="arithmetics.longnumber.TestForSumLongMethod" tests="3" failures="0" timestamp="24 Jun 2018 14:29:02 GMT" time="0.001" errors="0">
  <testcase name="testSumLongType" time="0.000" classname="arithmetics.longnumber.TestForSumLongMethod"/>
  <testcase name="testSumLongType" time="0.000" classname="arithmetics.longnumber.TestForSumLongMethod"/>
  <testcase name="testSumLongType" time="0.001" classname="arithmetics.longnumber.TestForSumLongMethod"/>
</testsuite> <arithmetics.longnumber.TestForSumLongMethodthod -->
